02-05-2015 03:01:01 ERROR Neo4LocationService:713 - START start=node:points('bbox:[116.314568, 116.316566, 116.314552, 116.316551]') , end=node:points('bbox:[40.009499, 40.011497, 40.009521, 40.011520]') WITH start , end  MATCH (user)-[:START_A]->(trajectory),p=(start)-[:MOVE*0..100]->(end) WHERE true AND start.lon >= 116.314568 AND start.lon <= 116.316568 AND end.lon >= 116.314568 AND end.lon <= 116.316568 AND start.lat >= 40.009497 AND start.lat <= 40.011497 AND end.lat >= 40.009497 AND end.lat <= 40.011497  RETURN user, trajectory, relationships(p) AS rels , reduce(c = 0, n IN nodes(p) | c + n.lat) AS lat 
02-05-2015 03:01:09 ERROR Neo4LocationService:713 - START start=node:points('bbox:[116.314568, 116.316566, 116.314552, 116.316551]') , end=node:points('bbox:[40.009499, 40.011497, 40.009521, 40.011520]') WITH start , end  MATCH (user)-[:START_A]->(trajectory),p=(start)-[:MOVE*0..100]->(end) WHERE true AND start.lon >= 116.314568 AND start.lon <= 116.316568 AND end.lon >= 116.314568 AND end.lon <= 116.316568 AND start.lat >= 40.009497 AND start.lat <= 40.011497 AND end.lat >= 40.009497 AND end.lat <= 40.011497  RETURN user, trajectory, relationships(p) AS rels 
02-05-2015 03:01:15 ERROR Neo4LocationService:713 - START start=node:points('bbox:[116.314568, 116.316566, 116.314568, 116.316566]') , end=node:points('bbox:[40.009499, 40.011497, 40.009499, 40.011497]') WITH start , end  MATCH (user)-[:START_A]->(trajectory),p=(start)-[:MOVE*0..100]->(end) WHERE true AND start.lon >= 116.314568 AND start.lon <= 116.316568 AND end.lon >= 116.314568 AND end.lon <= 116.316568 AND start.lat >= 40.009497 AND start.lat <= 40.011497 AND end.lat >= 40.009497 AND end.lat <= 40.011497  RETURN user, trajectory, relationships(p) AS rels , reduce(c = 0, n IN nodes(p) | c + n.lat) AS lat 
02-05-2015 03:01:20 ERROR Neo4LocationService:713 - START start=node:points('bbox:[116.314568, 116.316566, 116.314568, 116.316566]') , end=node:points('bbox:[40.009499, 40.011497, 40.009499, 40.011497]') WITH start , end  MATCH (user)-[:START_A]->(trajectory),p=(start)-[:MOVE*0..100]->(end) WHERE true AND start.lon >= 116.314568 AND start.lon <= 116.316568 AND end.lon >= 116.314568 AND end.lon <= 116.316568 AND start.lat >= 40.009497 AND start.lat <= 40.011497 AND end.lat >= 40.009497 AND end.lat <= 40.011497  RETURN user, trajectory, relationships(p) AS rels 
02-05-2015 03:01:24 ERROR Neo4LocationService:713 - START start=node:points('bbox:[116.314568, 116.316566, 116.314003, 116.316002]') , end=node:points('bbox:[40.009499, 40.011497, 40.008648, 40.010651]') WITH start , end  MATCH (user)-[:START_A]->(trajectory),p=(start)-[:MOVE*0..100]->(end) WHERE true AND start.lon >= 116.314568 AND start.lon <= 116.316568 AND end.lon >= 116.314568 AND end.lon <= 116.316568 AND start.lat >= 40.009497 AND start.lat <= 40.011497 AND end.lat >= 40.009497 AND end.lat <= 40.011497  RETURN user, trajectory, relationships(p) AS rels , reduce(c = 0, n IN nodes(p) | c + n.lat) AS lat 
02-05-2015 03:01:27 ERROR Neo4LocationService:713 - START start=node:points('bbox:[116.314568, 116.316566, 116.314003, 116.316002]') , end=node:points('bbox:[40.009499, 40.011497, 40.008648, 40.010651]') WITH start , end  MATCH (user)-[:START_A]->(trajectory),p=(start)-[:MOVE*0..100]->(end) WHERE true AND start.lon >= 116.314568 AND start.lon <= 116.316568 AND end.lon >= 116.314568 AND end.lon <= 116.316568 AND start.lat >= 40.009497 AND start.lat <= 40.011497 AND end.lat >= 40.009497 AND end.lat <= 40.011497  RETURN user, trajectory, relationships(p) AS rels 
02-05-2015 03:01:31 ERROR Neo4LocationService:713 - START start=node:points('bbox:[116.314568, 116.316566, 116.314056, 116.316055]') , end=node:points('bbox:[40.009499, 40.011497, 40.008732, 40.010731]') WITH start , end  MATCH (user)-[:START_A]->(trajectory),p=(start)-[:MOVE*0..100]->(end) WHERE true AND start.lon >= 116.314568 AND start.lon <= 116.316568 AND end.lon >= 116.314568 AND end.lon <= 116.316568 AND start.lat >= 40.009497 AND start.lat <= 40.011497 AND end.lat >= 40.009497 AND end.lat <= 40.011497  RETURN user, trajectory, relationships(p) AS rels , reduce(c = 0, n IN nodes(p) | c + n.lat) AS lat 
02-05-2015 03:01:34 ERROR Neo4LocationService:713 - START start=node:points('bbox:[116.314568, 116.316566, 116.314056, 116.316055]') , end=node:points('bbox:[40.009499, 40.011497, 40.008732, 40.010731]') WITH start , end  MATCH (user)-[:START_A]->(trajectory),p=(start)-[:MOVE*0..100]->(end) WHERE true AND start.lon >= 116.314568 AND start.lon <= 116.316568 AND end.lon >= 116.314568 AND end.lon <= 116.316568 AND start.lat >= 40.009497 AND start.lat <= 40.011497 AND end.lat >= 40.009497 AND end.lat <= 40.011497  RETURN user, trajectory, relationships(p) AS rels 
02-05-2015 03:02:02 ERROR Neo4LocationService:713 - MATCH (user { USERNAME : {username}})-[:START_A]->(trajectory)-[:FROM]->(start),p=(start)-[:MOVE*0..100]->(end),(end)<-[:TO]-(traj) WHERE true AND start.TIMESTAMP >= 0  RETURN user, trajectory, relationships(p) AS rels 
02-05-2015 03:02:10 ERROR Neo4LocationService:713 - MATCH (user)-[:START_A]->(trajectory)-[:FROM]->(start),p=(start)-[:MOVE*0..100]->(end),(end)<-[:TO]-(traj) WHERE true  RETURN user, trajectory, relationships(p) AS rels , reduce(c = 0, n IN nodes(p) | c + n.degree) AS degree  ORDER BY degree  SKIP 1  LIMIT 2 
02-05-2015 03:02:12 ERROR Neo4LocationService:794 - degree
02-05-2015 03:02:12 ERROR Neo4LocationService:794 - degree
02-05-2015 03:02:16 ERROR Neo4LocationService:713 - MATCH (user)-[:START_A]->(trajectory)-[:FROM]->(start),p=(start)-[:MOVE*0..100]->(end),(end)<-[:TO]-(traj) WHERE true  RETURN user, trajectory, relationships(p) AS rels 
02-05-2015 03:02:20 ERROR Neo4LocationService:713 - MATCH (user)-[:START_A]->(trajectory)-[:FROM]->(start),p=(start)-[:MOVE*0..100]->(end),(end)<-[:TO]-(traj) WHERE true  RETURN user, trajectory, relationships(p) AS rels  SKIP 1  LIMIT 2 
02-05-2015 03:02:24 ERROR Neo4LocationService:713 - MATCH (user { USERNAME : {username}})-[:START_A]->(trajectory)-[:FROM]->(start),p=(start)-[:MOVE*0..100]->(end),(end)<-[:TO]-(traj) WHERE true  RETURN user, trajectory, relationships(p) AS rels  SKIP 2 
02-05-2015 03:02:28 ERROR Neo4LocationService:713 - MATCH (user { USERNAME : {username}})-[:START_A]->(trajectory)-[:FROM]->(start),p=(start)-[:MOVE*0..100]->(end),(end)<-[:TO]-(traj) WHERE true AND start.TIMESTAMP >= 0  RETURN user, trajectory, relationships(p) AS rels 
02-05-2015 03:02:32 ERROR Neo4LocationService:713 - MATCH (user)-[:START_A]->(trajectory)-[:FROM]->(start),p=(start)-[:MOVE*0..100]->(end),(end)<-[:TO]-(traj) WHERE true  RETURN user, trajectory, relationships(p) AS rels , reduce(c = 0, n IN nodes(p) | c + n.degree) AS degree  ORDER BY degree  SKIP 1  LIMIT 2 
02-05-2015 03:02:32 ERROR Neo4LocationService:794 - degree
02-05-2015 03:02:32 ERROR Neo4LocationService:794 - degree
02-05-2015 03:02:35 ERROR Neo4LocationService:713 - MATCH (user)-[:START_A]->(trajectory)-[:FROM]->(start),p=(start)-[:MOVE*0..100]->(end),(end)<-[:TO]-(traj) WHERE true  RETURN user, trajectory, relationships(p) AS rels 
02-05-2015 03:02:39 ERROR Neo4LocationService:713 - MATCH (user)-[:START_A]->(trajectory)-[:FROM]->(start),p=(start)-[:MOVE*0..100]->(end),(end)<-[:TO]-(traj) WHERE true  RETURN user, trajectory, relationships(p) AS rels  SKIP 1  LIMIT 2 
02-05-2015 03:02:43 ERROR Neo4LocationService:713 - MATCH (user { USERNAME : {username}})-[:START_A]->(trajectory)-[:FROM]->(start),p=(start)-[:MOVE*0..100]->(end),(end)<-[:TO]-(traj) WHERE true  RETURN user, trajectory, relationships(p) AS rels  SKIP 2 
02-05-2015 03:02:47 ERROR Neo4LocationService:713 - MATCH (user { USERNAME : {username}})-[:START_A]->(trajectory)-[:FROM]->(start),p=(start)-[:MOVE*0..100]->(end),(end)<-[:TO]-(traj) WHERE true AND start.TIMESTAMP >= 0  RETURN user, trajectory, relationships(p) AS rels 
02-05-2015 03:02:49 ERROR Neo4LocationService:713 - MATCH (user)-[:START_A]->(trajectory)-[:FROM]->(start),p=(start)-[:MOVE*0..100]->(end),(end)<-[:TO]-(traj) WHERE true  RETURN user, trajectory, relationships(p) AS rels , reduce(c = 0, n IN nodes(p) | c + n.degree) AS degree  ORDER BY degree  SKIP 1  LIMIT 2 
02-05-2015 03:02:50 ERROR Neo4LocationService:794 - degree
02-05-2015 03:02:50 ERROR Neo4LocationService:794 - degree
02-05-2015 03:02:55 ERROR Neo4LocationService:713 - MATCH (user)-[:START_A]->(trajectory)-[:FROM]->(start),p=(start)-[:MOVE*0..100]->(end),(end)<-[:TO]-(traj) WHERE true  RETURN user, trajectory, relationships(p) AS rels 
02-05-2015 03:02:58 ERROR Neo4LocationService:713 - MATCH (user)-[:START_A]->(trajectory)-[:FROM]->(start),p=(start)-[:MOVE*0..100]->(end),(end)<-[:TO]-(traj) WHERE true  RETURN user, trajectory, relationships(p) AS rels  SKIP 1  LIMIT 2 
02-05-2015 03:03:01 ERROR Neo4LocationService:713 - MATCH (user { USERNAME : {username}})-[:START_A]->(trajectory)-[:FROM]->(start),p=(start)-[:MOVE*0..100]->(end),(end)<-[:TO]-(traj) WHERE true  RETURN user, trajectory, relationships(p) AS rels  SKIP 2 
02-05-2015 03:03:04 ERROR Neo4LocationService:713 - MATCH (user { USERNAME : {username}})-[:START_A]->(trajectory)-[:FROM]->(start),p=(start)-[:MOVE*0..100]->(end),(end)<-[:TO]-(traj) WHERE true AND start.TIMESTAMP >= 0  RETURN user, trajectory, relationships(p) AS rels 
02-05-2015 03:03:06 ERROR Neo4LocationService:713 - MATCH (user)-[:START_A]->(trajectory)-[:FROM]->(start),p=(start)-[:MOVE*0..100]->(end),(end)<-[:TO]-(traj) WHERE true  RETURN user, trajectory, relationships(p) AS rels , reduce(c = 0, n IN nodes(p) | c + n.degree) AS degree  ORDER BY degree  SKIP 1  LIMIT 2 
02-05-2015 03:03:06 ERROR Neo4LocationService:794 - degree
02-05-2015 03:03:06 ERROR Neo4LocationService:794 - degree
02-05-2015 03:03:08 ERROR Neo4LocationService:713 - MATCH (user)-[:START_A]->(trajectory)-[:FROM]->(start),p=(start)-[:MOVE*0..100]->(end),(end)<-[:TO]-(traj) WHERE true  RETURN user, trajectory, relationships(p) AS rels 
02-05-2015 03:03:11 ERROR Neo4LocationService:713 - MATCH (user)-[:START_A]->(trajectory)-[:FROM]->(start),p=(start)-[:MOVE*0..100]->(end),(end)<-[:TO]-(traj) WHERE true  RETURN user, trajectory, relationships(p) AS rels  SKIP 1  LIMIT 2 
02-05-2015 03:03:14 ERROR Neo4LocationService:713 - MATCH (user { USERNAME : {username}})-[:START_A]->(trajectory)-[:FROM]->(start),p=(start)-[:MOVE*0..100]->(end),(end)<-[:TO]-(traj) WHERE true  RETURN user, trajectory, relationships(p) AS rels  SKIP 2 
02-05-2015 03:03:16 ERROR Neo4LocationService:713 - MATCH (user { USERNAME : {username}})-[:START_A]->(trajectory)-[:FROM]->(start),p=(start)-[:MOVE*0..100]->(end),(end)<-[:TO]-(traj) WHERE true AND start.TIMESTAMP >= 0  RETURN user, trajectory, relationships(p) AS rels 
02-05-2015 03:03:20 ERROR Neo4LocationService:713 - MATCH (user)-[:START_A]->(trajectory)-[:FROM]->(start),p=(start)-[:MOVE*0..100]->(end),(end)<-[:TO]-(traj) WHERE true  RETURN user, trajectory, relationships(p) AS rels , reduce(c = 0, n IN nodes(p) | c + n.degree) AS degree  ORDER BY degree  SKIP 1  LIMIT 2 
02-05-2015 03:03:20 ERROR Neo4LocationService:794 - degree
02-05-2015 03:03:20 ERROR Neo4LocationService:794 - degree
02-05-2015 03:03:24 ERROR Neo4LocationService:713 - MATCH (user)-[:START_A]->(trajectory)-[:FROM]->(start),p=(start)-[:MOVE*0..100]->(end),(end)<-[:TO]-(traj) WHERE true  RETURN user, trajectory, relationships(p) AS rels 
02-05-2015 03:03:26 ERROR Neo4LocationService:713 - MATCH (user)-[:START_A]->(trajectory)-[:FROM]->(start),p=(start)-[:MOVE*0..100]->(end),(end)<-[:TO]-(traj) WHERE true  RETURN user, trajectory, relationships(p) AS rels  SKIP 1  LIMIT 2 
02-05-2015 03:03:29 ERROR Neo4LocationService:713 - MATCH (user { USERNAME : {username}})-[:START_A]->(trajectory)-[:FROM]->(start),p=(start)-[:MOVE*0..100]->(end),(end)<-[:TO]-(traj) WHERE true  RETURN user, trajectory, relationships(p) AS rels  SKIP 2 
02-05-2015 03:03:31 ERROR Neo4LocationService:713 - MATCH (user { USERNAME : {username}})-[:START_A]->(trajectory)-[:FROM]->(start),p=(start)-[:MOVE*0..100]->(end),(end)<-[:TO]-(traj) WHERE true AND start.TIMESTAMP >= 0  RETURN user, trajectory, relationships(p) AS rels 
02-05-2015 03:03:34 ERROR Neo4LocationService:713 - MATCH (user)-[:START_A]->(trajectory)-[:FROM]->(start),p=(start)-[:MOVE*0..100]->(end),(end)<-[:TO]-(traj) WHERE true  RETURN user, trajectory, relationships(p) AS rels , reduce(c = 0, n IN nodes(p) | c + n.degree) AS degree  ORDER BY degree  SKIP 1  LIMIT 2 
02-05-2015 03:03:34 ERROR Neo4LocationService:794 - degree
02-05-2015 03:03:34 ERROR Neo4LocationService:794 - degree
02-05-2015 03:03:36 ERROR Neo4LocationService:713 - MATCH (user)-[:START_A]->(trajectory)-[:FROM]->(start),p=(start)-[:MOVE*0..100]->(end),(end)<-[:TO]-(traj) WHERE true  RETURN user, trajectory, relationships(p) AS rels 
02-05-2015 03:03:39 ERROR Neo4LocationService:713 - MATCH (user)-[:START_A]->(trajectory)-[:FROM]->(start),p=(start)-[:MOVE*0..100]->(end),(end)<-[:TO]-(traj) WHERE true  RETURN user, trajectory, relationships(p) AS rels  SKIP 1  LIMIT 2 
02-05-2015 03:03:41 ERROR Neo4LocationService:713 - MATCH (user { USERNAME : {username}})-[:START_A]->(trajectory)-[:FROM]->(start),p=(start)-[:MOVE*0..100]->(end),(end)<-[:TO]-(traj) WHERE true  RETURN user, trajectory, relationships(p) AS rels  SKIP 2 
02-05-2015 03:03:44 ERROR Neo4LocationService:713 - MATCH (user { USERNAME : {username}})-[:START_A]->(trajectory)-[:FROM]->(start),p=(start)-[:MOVE*0..100]->(end),(end)<-[:TO]-(traj) WHERE true AND start.TIMESTAMP >= 0  RETURN user, trajectory, relationships(p) AS rels 
02-05-2015 03:03:46 ERROR Neo4LocationService:713 - MATCH (user)-[:START_A]->(trajectory)-[:FROM]->(start),p=(start)-[:MOVE*0..100]->(end),(end)<-[:TO]-(traj) WHERE true  RETURN user, trajectory, relationships(p) AS rels , reduce(c = 0, n IN nodes(p) | c + n.degree) AS degree  ORDER BY degree  SKIP 1  LIMIT 2 
02-05-2015 03:03:46 ERROR Neo4LocationService:794 - degree
02-05-2015 03:03:46 ERROR Neo4LocationService:794 - degree
02-05-2015 03:03:48 ERROR Neo4LocationService:713 - MATCH (user)-[:START_A]->(trajectory)-[:FROM]->(start),p=(start)-[:MOVE*0..100]->(end),(end)<-[:TO]-(traj) WHERE true  RETURN user, trajectory, relationships(p) AS rels 
02-05-2015 03:03:50 ERROR Neo4LocationService:713 - MATCH (user)-[:START_A]->(trajectory)-[:FROM]->(start),p=(start)-[:MOVE*0..100]->(end),(end)<-[:TO]-(traj) WHERE true  RETURN user, trajectory, relationships(p) AS rels  SKIP 1  LIMIT 2 
02-05-2015 03:03:52 ERROR Neo4LocationService:713 - MATCH (user { USERNAME : {username}})-[:START_A]->(trajectory)-[:FROM]->(start),p=(start)-[:MOVE*0..100]->(end),(end)<-[:TO]-(traj) WHERE true  RETURN user, trajectory, relationships(p) AS rels  SKIP 2 
